<?xml version="1.0" encoding="UTF-8"?>
<!-- Generated by org.testng.reporters.JUnitReportReporter -->
<testsuite skipped="0" hostname="DESKTOP-D27K3HP" name="testPackage.BahrainTestScenarios" tests="3" failures="0" timestamp="27 May 2023 23:25:36 GMT" time="1.356" errors="0">
  <testcase name="BahrainCheckPackagePriceScenario" time="0.352" classname="testPackage.BahrainTestScenarios"/>
  <testcase name="BahrainCheckPackageCurrencyScenario" time="0.538" classname="testPackage.BahrainTestScenarios"/>
  <testcase name="BahrainCheckPackageNameScenario" time="0.466" classname="testPackage.BahrainTestScenarios"/>
</testsuite> <!-- testPackage.BahrainTestScenarios -->
