<?xml version="1.0" encoding="UTF-8"?>
<!-- Generated by org.testng.reporters.JUnitReportReporter -->
<testsuite skipped="0" hostname="DESKTOP-D27K3HP" name="testPackage.KuwaitTestScenarios" tests="3" failures="0" timestamp="27 May 2023 23:25:36 GMT" time="4.374" errors="0">
  <testcase name="KuwaitCheckPackageCurrencyScenario" time="1.320" classname="testPackage.KuwaitTestScenarios"/>
  <testcase name="KuwaitCheckPackagePriceScenario" time="2.155" classname="testPackage.KuwaitTestScenarios"/>
  <testcase name="KuwaitCheckPackageNameScenario" time="0.899" classname="testPackage.KuwaitTestScenarios"/>
</testsuite> <!-- testPackage.KuwaitTestScenarios -->
