<?xml version="1.0" encoding="UTF-8"?>
<!-- Generated by org.testng.reporters.JUnitReportReporter -->
<testsuite skipped="0" hostname="DESKTOP-D27K3HP" name="testPackage.SaudiTestScenarios" tests="3" failures="0" timestamp="27 May 2023 23:25:35 GMT" time="1.427" errors="0">
  <testcase name="SaudiCheckPackageNameScenario" time="0.581" classname="testPackage.SaudiTestScenarios"/>
  <testcase name="SaudiCheckPackageCurrencyScenario" time="0.422" classname="testPackage.SaudiTestScenarios"/>
  <testcase name="SaudiCheckPackagePriceScenario" time="0.424" classname="testPackage.SaudiTestScenarios"/>
</testsuite> <!-- testPackage.SaudiTestScenarios -->
